#
# There is insufficient memory for the Java Runtime Environment to continue.
# Native memory allocation (malloc) failed to allocate 554816 bytes for Chunk::new
# Possible reasons:
#   The system is out of physical RAM or swap space
#   The process is running with CompressedOops enabled, and the Java Heap may be blocking the growth of the native heap
# Possible solutions:
#   Reduce memory load on the system
#   Increase physical memory or swap space
#   Check if swap backing store is full
#   Decrease Java heap size (-Xmx/-Xms)
#   Decrease number of Java threads
#   Decrease Java thread stack sizes (-Xss)
#   Set larger code cache with -XX:ReservedCodeCacheSize=
#   JVM is running with Unscaled Compressed Oops mode in which the Java heap is
#     placed in the first 4GB address space. The Java Heap base address is the
#     maximum limit for the native heap growth. Please use -XX:HeapBaseMinAddress
#     to set the Java Heap base and to place the Java Heap above 4GB virtual address.
# This output file may be truncated or incomplete.
#
#  Out of Memory Error (arena.cpp:184), pid=4828, tid=2676
#
# JRE version: Java(TM) SE Runtime Environment (18.0.2+9) (build 18.0.2+9-61)
# Java VM: Java HotSpot(TM) 64-Bit Server VM (18.0.2+9-61, mixed mode, sharing, tiered, compressed oops, compressed class ptrs, g1 gc, windows-amd64)
# No core dump will be written. Minidumps are not enabled by default on client versions of Windows
#

---------------  S U M M A R Y ------------

Command Line: -Xmx1536M -Dsbt.supershell=false -Didea.managed=true -Dfile.encoding=UTF-8 -Didea.installation.dir=C:\Program Files\JetBrains\IntelliJ IDEA Community Edition 2022.1.4 -Dsbt.log.noformat=true C:\Users\vinog\AppData\Roaming\JetBrains\IdeaIC2022.1\plugins\Scala\launcher\sbt-launch.jar early(addPluginSbtFile="""C:\Users\vinog\AppData\Local\Temp\idea1.sbt""") ; set ideaPort in Global := 54142 ; idea-shell

Host: Intel(R) Core(TM) i5-3337U CPU @ 1.80GHz, 4 cores, 3G,  Windows 10 , 64 bit Build 19041 (10.0.19041.2913)
Time: Tue Jun 13 18:15:22 2023 Jerusalem Daylight Time elapsed time: 9.577146 seconds (0d 0h 0m 9s)

---------------  T H R E A D  ---------------

Current thread (0x000001d532ef00b0):  JavaThread "C2 CompilerThread0" daemon [_thread_in_native, id=2676, stack(0x000000cd58600000,0x000000cd58700000)]


Current CompileTask:
C2:   9577 5890   !   4       java.net.URL::<init> (543 bytes)

Stack: [0x000000cd58600000,0x000000cd58700000]
Native frames: (J=compiled Java code, j=interpreted, Vv=VM code, C=native code)
V  [jvm.dll+0x6993ca]
V  [jvm.dll+0x7f481d]
V  [jvm.dll+0x7f612e]
V  [jvm.dll+0x7f67e3]
V  [jvm.dll+0x25cdaf]
V  [jvm.dll+0xb8c2f]
V  [jvm.dll+0xb8fa5]
V  [jvm.dll+0x2c7cbf]
V  [jvm.dll+0x5a0d8e]
V  [jvm.dll+0x23876e]
V  [jvm.dll+0x231cf5]
V  [jvm.dll+0x22f21b]
V  [jvm.dll+0x1ba01c]
V  [jvm.dll+0x23ec9a]
V  [jvm.dll+0x23cf85]
V  [jvm.dll+0x7a6e21]
V  [jvm.dll+0x7a125a]
V  [jvm.dll+0x698275]
C  [ucrtbase.dll+0x21bb2]
C  [KERNEL32.DLL+0x17614]
C  [ntdll.dll+0x526a1]


---------------  P R O C E S S  ---------------

Threads class SMR info:
_java_thread_list=0x000001d53a8d0570, length=32, elements={
0x000001d51685f3e0, 0x000001d516916450, 0x000001d5169170b0, 0x000001d51692e690,
0x000001d532eee0a0, 0x000001d532eeea40, 0x000001d532eef3e0, 0x000001d532ef00b0,
0x000001d532efc4a0, 0x000001d532f11980, 0x000001d537180bd0, 0x000001d537183720,
0x000001d53783b040, 0x000001d53783b500, 0x000001d53783b9c0, 0x000001d537eae430,
0x000001d537eada90, 0x000001d537eaedd0, 0x000001d539e69a30, 0x000001d539e69f00,
0x000001d539e67d50, 0x000001d539e68220, 0x000001d539e64860, 0x000001d539e68bc0,
0x000001d538bb8070, 0x000001d538bbaef0, 0x000001d538bbb3c0, 0x000001d538bba550,
0x000001d53740c450, 0x000001d538bb8540, 0x000001d53740cdf0, 0x000001d538bbaa20
}

Java Threads: ( => current thread )
  0x000001d51685f3e0 JavaThread "main" [_thread_blocked, id=8972, stack(0x000000cd57900000,0x000000cd57a00000)]
  0x000001d516916450 JavaThread "Reference Handler" daemon [_thread_blocked, id=8784, stack(0x000000cd58000000,0x000000cd58100000)]
  0x000001d5169170b0 JavaThread "Finalizer" daemon [_thread_blocked, id=12384, stack(0x000000cd58100000,0x000000cd58200000)]
  0x000001d51692e690 JavaThread "Signal Dispatcher" daemon [_thread_blocked, id=10680, stack(0x000000cd58200000,0x000000cd58300000)]
  0x000001d532eee0a0 JavaThread "Attach Listener" daemon [_thread_blocked, id=12704, stack(0x000000cd58300000,0x000000cd58400000)]
  0x000001d532eeea40 JavaThread "Service Thread" daemon [_thread_blocked, id=17708, stack(0x000000cd58400000,0x000000cd58500000)]
  0x000001d532eef3e0 JavaThread "Monitor Deflation Thread" daemon [_thread_blocked, id=17132, stack(0x000000cd58500000,0x000000cd58600000)]
=>0x000001d532ef00b0 JavaThread "C2 CompilerThread0" daemon [_thread_in_native, id=2676, stack(0x000000cd58600000,0x000000cd58700000)]
  0x000001d532efc4a0 JavaThread "C1 CompilerThread0" daemon [_thread_blocked, id=18980, stack(0x000000cd58700000,0x000000cd58800000)]
  0x000001d532f11980 JavaThread "Sweeper thread" daemon [_thread_blocked, id=9648, stack(0x000000cd58800000,0x000000cd58900000)]
  0x000001d537180bd0 JavaThread "Notification Thread" daemon [_thread_blocked, id=2104, stack(0x000000cd58900000,0x000000cd58a00000)]
  0x000001d537183720 JavaThread "Common-Cleaner" daemon [_thread_blocked, id=1152, stack(0x000000cd58b00000,0x000000cd58c00000)]
  0x000001d53783b040 JavaThread "pool-1-thread-1" [_thread_blocked, id=5532, stack(0x000000cd58f00000,0x000000cd59000000)]
  0x000001d53783b500 JavaThread "pool-1-thread-2" [_thread_blocked, id=10596, stack(0x000000cd59000000,0x000000cd59100000)]
  0x000001d53783b9c0 JavaThread "pool-1-thread-3" [_thread_blocked, id=16208, stack(0x000000cd59100000,0x000000cd59200000)]
  0x000001d537eae430 JavaThread "JNA Cleaner" daemon [_thread_blocked, id=20132, stack(0x000000cd59300000,0x000000cd59400000)]
  0x000001d537eada90 JavaThread "boot-server-socket-thread-1" [_thread_in_native, id=12540, stack(0x000000cd59400000,0x000000cd59500000)]
  0x000001d537eaedd0 JavaThread "sbt-console-input-reader" [_thread_blocked, id=19500, stack(0x000000cd59500000,0x000000cd59600000)]
  0x000001d539e69a30 JavaThread "classloader-cache-cleanup-0" daemon [_thread_blocked, id=9452, stack(0x000000cd59600000,0x000000cd59700000)]
  0x000001d539e69f00 JavaThread "sbt-command-exchange-fastTrack" daemon [_thread_blocked, id=2080, stack(0x000000cd59700000,0x000000cd59800000)]
  0x000001d539e67d50 JavaThread "scala-execution-context-global-27" daemon [_thread_blocked, id=13400, stack(0x000000cd59200000,0x000000cd59300000)]
  0x000001d539e68220 JavaThread "scala-execution-context-global-28" daemon [_thread_blocked, id=15308, stack(0x000000cd59800000,0x000000cd59900000)]
  0x000001d539e64860 JavaThread "scala-execution-context-global-29" daemon [_thread_blocked, id=272, stack(0x000000cd59900000,0x000000cd59a00000)]
  0x000001d539e68bc0 JavaThread "scala-execution-context-global-30" daemon [_thread_blocked, id=15144, stack(0x000000cd59a00000,0x000000cd59b00000)]
  0x000001d538bb8070 JavaThread "sbt-task-progress-report-thread" [_thread_blocked, id=5892, stack(0x000000cd59b00000,0x000000cd59c00000)]
  0x000001d538bbaef0 JavaThread "pool-3-thread-1" [_thread_blocked, id=9348, stack(0x000000cd59c00000,0x000000cd59d00000)]
  0x000001d538bbb3c0 JavaThread "pool-3-thread-2" [_thread_blocked, id=15628, stack(0x000000cd59d00000,0x000000cd59e00000)]
  0x000001d538bba550 JavaThread "pool-3-thread-3" [_thread_blocked, id=9280, stack(0x000000cd59e00000,0x000000cd59f00000)]
  0x000001d53740c450 JavaThread "pool-3-thread-4" [_thread_blocked, id=15736, stack(0x000000cd59f00000,0x000000cd5a000000)]
  0x000001d538bb8540 JavaThread "sbt-progress-report-scheduler" [_thread_blocked, id=18712, stack(0x000000cd5a000000,0x000000cd5a100000)]
  0x000001d53740cdf0 JavaThread "pool-3-thread-5" [_thread_in_vm, id=17192, stack(0x000000cd5a100000,0x000000cd5a200000)]
  0x000001d538bbaa20 JavaThread "pool-3-thread-6" [_thread_blocked, id=18700, stack(0x000000cd5a200000,0x000000cd5a300000)]

Other Threads:
  0x000001d5168c9de0 VMThread "VM Thread" [stack: 0x000000cd57f00000,0x000000cd58000000] [id=16804]
  0x000001d5371834b0 WatcherThread "VM Periodic Task Thread" [stack: 0x000000cd58a00000,0x000000cd58b00000] [id=15080]
  0x000001d5168b0a20 WorkerThread "GC Thread#0" [stack: 0x000000cd57a00000,0x000000cd57b00000] [id=16092]
  0x000001d537486140 WorkerThread "GC Thread#1" [stack: 0x000000cd58c00000,0x000000cd58d00000] [id=8064]
  0x000001d53749a640 WorkerThread "GC Thread#2" [stack: 0x000000cd58d00000,0x000000cd58e00000] [id=19996]
  0x000001d537519c10 WorkerThread "GC Thread#3" [stack: 0x000000cd58e00000,0x000000cd58f00000] [id=3892]
  0x000001d5168bd950 ConcurrentGCThread "G1 Main Marker" [stack: 0x000000cd57b00000,0x000000cd57c00000] [id=13836]
  0x000001d5168bfaf0 WorkerThread "G1 Conc#0" [stack: 0x000000cd57c00000,0x000000cd57d00000] [id=6416]
  0x000001d5168eddf0 ConcurrentGCThread "G1 Refine#0" [stack: 0x000000cd57d00000,0x000000cd57e00000] [id=6228]
  0x000001d5168ee700 ConcurrentGCThread "G1 Service" [stack: 0x000000cd57e00000,0x000000cd57f00000] [id=18228]

Threads with active compile tasks:
C2 CompilerThread0     9646 5890   !   4       java.net.URL::<init> (543 bytes)
C1 CompilerThread0     9646 5964       3       java.nio.HeapByteBuffer::put (16 bytes)

VM state: not at safepoint (normal execution)

VM Mutex/Monitor currently owned by a thread: None

Heap address: 0x00000000a0000000, size: 1536 MB, Compressed Oops mode: 32-bit

CDS archive(s) mapped at: [0x0000000800000000-0x0000000800ba0000-0x0000000800ba0000), size 12189696, SharedBaseAddress: 0x0000000800000000, ArchiveRelocationMode: 0.
Compressed class space mapped at: 0x0000000800c00000-0x0000000840c00000, reserved size: 1073741824
Narrow klass base: 0x0000000800000000, Narrow klass shift: 0, Narrow klass range: 0x100000000

GC Precious Log:
 CardTable entry size: 512
 Card Set container configuration: InlinePtr #cards 5 size 8 Array Of Cards #cards 12 size 40 Howl #buckets 4 coarsen threshold 1843 Howl Bitmap #cards 512 size 80 coarsen threshold 460 Card regions per heap region 1 cards per card region 2048
 CPUs: 4 total, 4 available
 Memory: 3983M
 Large Page Support: Disabled
 NUMA Support: Disabled
 Compressed Oops: Enabled (32-bit)
 Heap Region Size: 1M
 Heap Min Capacity: 8M
 Heap Initial Capacity: 64M
 Heap Max Capacity: 1536M
 Pre-touch: Disabled
 Parallel Workers: 4
 Concurrent Workers: 1
 Concurrent Refinement Workers: 4
 Periodic GC: Disabled

Heap:
 garbage-first heap   total 55296K, used 26873K [0x00000000a0000000, 0x0000000100000000)
  region size 1024K, 4 young (4096K), 2 survivors (2048K)
 Metaspace       used 63849K, committed 64320K, reserved 1114112K
  class space    used 8586K, committed 8832K, reserved 1048576K

Heap Regions: E=young(eden), S=young(survivor), O=old, HS=humongous(starts), HC=humongous(continues), CS=collection set, F=free, OA=open archive, CA=closed archive, TAMS=top-at-mark-start (previous, next)
|   0|0x00000000a0000000, 0x00000000a0100000, 0x00000000a0100000|100%| O|  |TAMS 0x00000000a0100000, 0x00000000a0000000| Untracked 
|   1|0x00000000a0100000, 0x00000000a0200000, 0x00000000a0200000|100%| O|  |TAMS 0x00000000a0200000, 0x00000000a0100000| Untracked 
|   2|0x00000000a0200000, 0x00000000a0300000, 0x00000000a0300000|100%| O|  |TAMS 0x00000000a0300000, 0x00000000a0200000| Untracked 
|   3|0x00000000a0300000, 0x00000000a0400000, 0x00000000a0400000|100%| O|  |TAMS 0x00000000a0400000, 0x00000000a0300000| Untracked 
|   4|0x00000000a0400000, 0x00000000a0500000, 0x00000000a0500000|100%| O|  |TAMS 0x00000000a0500000, 0x00000000a0400000| Untracked 
|   5|0x00000000a0500000, 0x00000000a0600000, 0x00000000a0600000|100%| O|  |TAMS 0x00000000a0600000, 0x00000000a0500000| Untracked 
|   6|0x00000000a0600000, 0x00000000a0700000, 0x00000000a0700000|100%| O|  |TAMS 0x00000000a0700000, 0x00000000a0600000| Untracked 
|   7|0x00000000a0700000, 0x00000000a0800000, 0x00000000a0800000|100%| O|  |TAMS 0x00000000a0800000, 0x00000000a0700000| Untracked 
|   8|0x00000000a0800000, 0x00000000a0824200, 0x00000000a0900000| 14%| O|  |TAMS 0x00000000a0824200, 0x00000000a0800000| Untracked 
|   9|0x00000000a0900000, 0x00000000a0a00000, 0x00000000a0a00000|100%| O|  |TAMS 0x00000000a0a00000, 0x00000000a0900000| Untracked 
|  10|0x00000000a0a00000, 0x00000000a0b00000, 0x00000000a0b00000|100%| O|  |TAMS 0x00000000a0b00000, 0x00000000a0a00000| Untracked 
|  11|0x00000000a0b00000, 0x00000000a0c00000, 0x00000000a0c00000|100%| O|  |TAMS 0x00000000a0c00000, 0x00000000a0b00000| Untracked 
|  12|0x00000000a0c00000, 0x00000000a0d00000, 0x00000000a0d00000|100%| O|  |TAMS 0x00000000a0d00000, 0x00000000a0c00000| Untracked 
|  13|0x00000000a0d00000, 0x00000000a0e00000, 0x00000000a0e00000|100%| O|  |TAMS 0x00000000a0e00000, 0x00000000a0d00000| Untracked 
|  14|0x00000000a0e00000, 0x00000000a0f00000, 0x00000000a0f00000|100%| O|  |TAMS 0x00000000a0f00000, 0x00000000a0e00000| Untracked 
|  15|0x00000000a0f00000, 0x00000000a1000000, 0x00000000a1000000|100%| O|  |TAMS 0x00000000a1000000, 0x00000000a0f00000| Untracked 
|  16|0x00000000a1000000, 0x00000000a1100000, 0x00000000a1100000|100%| O|  |TAMS 0x00000000a1100000, 0x00000000a1000000| Untracked 
|  17|0x00000000a1100000, 0x00000000a1200000, 0x00000000a1200000|100%| O|  |TAMS 0x00000000a1200000, 0x00000000a1100000| Untracked 
|  18|0x00000000a1200000, 0x00000000a1300000, 0x00000000a1300000|100%| O|  |TAMS 0x00000000a1300000, 0x00000000a1200000| Untracked 
|  19|0x00000000a1300000, 0x00000000a1400000, 0x00000000a1400000|100%| O|  |TAMS 0x00000000a1400000, 0x00000000a1300000| Untracked 
|  20|0x00000000a1400000, 0x00000000a1500000, 0x00000000a1500000|100%| O|  |TAMS 0x00000000a1500000, 0x00000000a1400000| Untracked 
|  21|0x00000000a1500000, 0x00000000a1600000, 0x00000000a1600000|100%| O|  |TAMS 0x00000000a1600000, 0x00000000a1500000| Untracked 
|  22|0x00000000a1600000, 0x00000000a1700000, 0x00000000a1700000|100%| O|  |TAMS 0x00000000a1700000, 0x00000000a1600000| Untracked 
|  23|0x00000000a1700000, 0x00000000a1800000, 0x00000000a1800000|100%| O|  |TAMS 0x00000000a17ad600, 0x00000000a1700000| Untracked 
|  24|0x00000000a1800000, 0x00000000a189bc00, 0x00000000a1900000| 60%| O|  |TAMS 0x00000000a1800000, 0x00000000a1800000| Untracked 
|  25|0x00000000a1900000, 0x00000000a1900000, 0x00000000a1a00000|  0%| F|  |TAMS 0x00000000a1900000, 0x00000000a1900000| Untracked 
|  26|0x00000000a1a00000, 0x00000000a1a00000, 0x00000000a1b00000|  0%| F|  |TAMS 0x00000000a1a00000, 0x00000000a1a00000| Untracked 
|  27|0x00000000a1b00000, 0x00000000a1b00000, 0x00000000a1c00000|  0%| F|  |TAMS 0x00000000a1b00000, 0x00000000a1b00000| Untracked 
|  28|0x00000000a1c00000, 0x00000000a1c00000, 0x00000000a1d00000|  0%| F|  |TAMS 0x00000000a1c00000, 0x00000000a1c00000| Untracked 
|  29|0x00000000a1d00000, 0x00000000a1d00000, 0x00000000a1e00000|  0%| F|  |TAMS 0x00000000a1d00000, 0x00000000a1d00000| Untracked 
|  30|0x00000000a1e00000, 0x00000000a1e00000, 0x00000000a1f00000|  0%| F|  |TAMS 0x00000000a1e00000, 0x00000000a1e00000| Untracked 
|  31|0x00000000a1f00000, 0x00000000a1f00000, 0x00000000a2000000|  0%| F|  |TAMS 0x00000000a1f00000, 0x00000000a1f00000| Untracked 
|  32|0x00000000a2000000, 0x00000000a2000000, 0x00000000a2100000|  0%| F|  |TAMS 0x00000000a2000000, 0x00000000a2000000| Untracked 
|  33|0x00000000a2100000, 0x00000000a2100000, 0x00000000a2200000|  0%| F|  |TAMS 0x00000000a2100000, 0x00000000a2100000| Untracked 
|  34|0x00000000a2200000, 0x00000000a227e680, 0x00000000a2300000| 49%| S|CS|TAMS 0x00000000a2200000, 0x00000000a2200000| Complete 
|  35|0x00000000a2300000, 0x00000000a2400000, 0x00000000a2400000|100%| S|CS|TAMS 0x00000000a2300000, 0x00000000a2300000| Complete 
|  36|0x00000000a2400000, 0x00000000a2400000, 0x00000000a2500000|  0%| F|  |TAMS 0x00000000a2400000, 0x00000000a2400000| Untracked 
|  37|0x00000000a2500000, 0x00000000a2500000, 0x00000000a2600000|  0%| F|  |TAMS 0x00000000a2500000, 0x00000000a2500000| Untracked 
|  38|0x00000000a2600000, 0x00000000a2600000, 0x00000000a2700000|  0%| F|  |TAMS 0x00000000a2600000, 0x00000000a2600000| Untracked 
|  39|0x00000000a2700000, 0x00000000a2700000, 0x00000000a2800000|  0%| F|  |TAMS 0x00000000a2700000, 0x00000000a2700000| Untracked 
|  40|0x00000000a2800000, 0x00000000a2800000, 0x00000000a2900000|  0%| F|  |TAMS 0x00000000a2800000, 0x00000000a2800000| Untracked 
|  41|0x00000000a2900000, 0x00000000a2900000, 0x00000000a2a00000|  0%| F|  |TAMS 0x00000000a2900000, 0x00000000a2900000| Untracked 
|  42|0x00000000a2a00000, 0x00000000a2a00000, 0x00000000a2b00000|  0%| F|  |TAMS 0x00000000a2a00000, 0x00000000a2a00000| Untracked 
|  43|0x00000000a2b00000, 0x00000000a2b00000, 0x00000000a2c00000|  0%| F|  |TAMS 0x00000000a2b00000, 0x00000000a2b00000| Untracked 
|  44|0x00000000a2c00000, 0x00000000a2c00000, 0x00000000a2d00000|  0%| F|  |TAMS 0x00000000a2c00000, 0x00000000a2c00000| Untracked 
|  45|0x00000000a2d00000, 0x00000000a2d00000, 0x00000000a2e00000|  0%| F|  |TAMS 0x00000000a2d00000, 0x00000000a2d00000| Untracked 
|  46|0x00000000a2e00000, 0x00000000a2e00000, 0x00000000a2f00000|  0%| F|  |TAMS 0x00000000a2e00000, 0x00000000a2e00000| Untracked 
|  47|0x00000000a2f00000, 0x00000000a2f00000, 0x00000000a3000000|  0%| F|  |TAMS 0x00000000a2f00000, 0x00000000a2f00000| Untracked 
|  48|0x00000000a3000000, 0x00000000a3000000, 0x00000000a3100000|  0%| F|  |TAMS 0x00000000a3000000, 0x00000000a3000000| Untracked 
|  49|0x00000000a3100000, 0x00000000a3100000, 0x00000000a3200000|  0%| F|  |TAMS 0x00000000a3100000, 0x00000000a3100000| Untracked 
|  50|0x00000000a3200000, 0x00000000a3200000, 0x00000000a3300000|  0%| F|  |TAMS 0x00000000a3200000, 0x00000000a3200000| Untracked 
|  51|0x00000000a3300000, 0x00000000a3300000, 0x00000000a3400000|  0%| F|  |TAMS 0x00000000a3300000, 0x00000000a3300000| Untracked 
|  52|0x00000000a3400000, 0x00000000a34c9300, 0x00000000a3500000| 78%| E|  |TAMS 0x00000000a3400000, 0x00000000a3400000| Complete 
|  63|0x00000000a3f00000, 0x00000000a4000000, 0x00000000a4000000|100%| E|CS|TAMS 0x00000000a3f00000, 0x00000000a3f00000| Complete 

Card table byte_map: [0x000001d52d4a0000,0x000001d52d7a0000] _byte_map_base: 0x000001d52cfa0000

Marking Bits (Prev, Next): (CMBitMap*) 0x000001d5168b1060, (CMBitMap*) 0x000001d5168b1020
 Prev Bits: [0x000001d52f2a0000, 0x000001d530aa0000)
 Next Bits: [0x000001d52daa0000, 0x000001d52f2a0000)

Polling page: 0x000001d5147f0000

Metaspace:

Usage:
  Non-class:     53.98 MB used.
      Class:      8.39 MB used.
       Both:     62.37 MB used.

Virtual space:
  Non-class space:       64.00 MB reserved,      54.25 MB ( 85%) committed,  1 nodes.
      Class space:        1.00 GB reserved,       8.62 MB ( <1%) committed,  1 nodes.
             Both:        1.06 GB reserved,      62.88 MB (  6%) committed. 

Chunk freelists:
   Non-Class:  1.51 MB
       Class:  3.23 MB
        Both:  4.75 MB

MaxMetaspaceSize: unlimited
CompressedClassSpaceSize: 1.00 GB
Initial GC threshold: 21.00 MB
Current GC threshold: 100.00 MB
CDS: on
MetaspaceReclaimPolicy: balanced
 - commit_granule_bytes: 65536.
 - commit_granule_words: 8192.
 - virtual_space_node_default_size: 8388608.
 - enlarge_chunks_in_place: 1.
 - new_chunks_are_fully_committed: 0.
 - uncommit_free_chunks: 1.
 - use_allocation_guard: 0.


Internal statistics:

num_allocs_failed_limit: 14.
num_arena_births: 474.
num_arena_deaths: 14.
num_vsnodes_births: 2.
num_vsnodes_deaths: 0.
num_space_committed: 1002.
num_space_uncommitted: 0.
num_chunks_returned_to_freelist: 35.
num_chunks_taken_from_freelist: 3243.
num_chunk_merges: 18.
num_chunk_splits: 2056.
num_chunks_enlarged: 1198.
num_inconsistent_stats: 0.

CodeHeap 'non-profiled nmethods': size=120000Kb used=2242Kb max_used=2242Kb free=117757Kb
 bounds [0x000001d525c70000, 0x000001d525ee0000, 0x000001d52d1a0000]
CodeHeap 'profiled nmethods': size=120000Kb used=9805Kb max_used=9805Kb free=110194Kb
 bounds [0x000001d51e740000, 0x000001d51f0e0000, 0x000001d525c70000]
CodeHeap 'non-nmethods': size=5760Kb used=1436Kb max_used=1447Kb free=4323Kb
 bounds [0x000001d51e1a0000, 0x000001d51e410000, 0x000001d51e740000]
 total_blobs=6642 nmethods=5915 adapters=638
 compilation: enabled
              stopped_count=0, restarted_count=0
 full_count=0

Compilation events (20 events):
Event: 9.540 Thread 0x000001d532efc4a0 nmethod 5936 0x000001d525e9f410 code [0x000001d525e9f5a0, 0x000001d525e9f678]
Event: 9.541 Thread 0x000001d532efc4a0 5937       3       lmcoursier.internal.shaded.coursier.core.shaded.fastparse.ParsingRun::checkForDrop (20 bytes)
Event: 9.542 Thread 0x000001d532efc4a0 nmethod 5937 0x000001d51f0beb90 code [0x000001d51f0bed20, 0x000001d51f0beef8]
Event: 9.542 Thread 0x000001d532efc4a0 5938       3       lmcoursier.internal.shaded.coursier.core.shaded.fastparse.ParsingRun::freshFailure (29 bytes)
Event: 9.542 Thread 0x000001d532efc4a0 nmethod 5938 0x000001d51f0bef90 code [0x000001d51f0bf140, 0x000001d51f0bf398]
Event: 9.542 Thread 0x000001d532efc4a0 5939       3       scala.collection.AbstractSet::apply (6 bytes)
Event: 9.542 Thread 0x000001d532efc4a0 nmethod 5939 0x000001d51f0bf410 code [0x000001d51f0bf5c0, 0x000001d51f0bf848]
Event: 9.542 Thread 0x000001d532efc4a0 5940       3       lmcoursier.internal.shaded.coursier.core.shaded.fastparse.ParsingRun::freshSuccessUnit (19 bytes)
Event: 9.542 Thread 0x000001d532efc4a0 nmethod 5940 0x000001d51f0bf910 code [0x000001d51f0bfaa0, 0x000001d51f0bfc58]
Event: 9.542 Thread 0x000001d532efc4a0 5941       3       scala.collection.immutable.StringOps$::slice$extension (59 bytes)
Event: 9.543 Thread 0x000001d532efc4a0 nmethod 5941 0x000001d51f0bfd10 code [0x000001d51f0bff20, 0x000001d51f0c0528]
Event: 9.543 Thread 0x000001d532efc4a0 5942       3       lmcoursier.internal.shaded.coursier.core.shaded.fastparse.Implicits$Sequencer$::UnitSequencer (5 bytes)
Event: 9.543 Thread 0x000001d532efc4a0 nmethod 5942 0x000001d51f0c0790 code [0x000001d51f0c0940, 0x000001d51f0c0be8]
Event: 9.543 Thread 0x000001d532efc4a0 5943       3       lmcoursier.internal.shaded.coursier.core.shaded.fastparse.Implicits$LowPriSequencer::UnitSequencer$ (5 bytes)
Event: 9.543 Thread 0x000001d532efc4a0 nmethod 5943 0x000001d51f0c0d10 code [0x000001d51f0c0ec0, 0x000001d51f0c1188]
Event: 9.543 Thread 0x000001d532efc4a0 5944       3       lmcoursier.internal.shaded.coursier.core.shaded.fastparse.IndexedParserInput::slice (19 bytes)
Event: 9.544 Thread 0x000001d532efc4a0 nmethod 5944 0x000001d51f0c1310 code [0x000001d51f0c14c0, 0x000001d51f0c16c8]
Event: 9.549 Thread 0x000001d532efc4a0 5945       1       lmcoursier.definitions.Configuration::value (5 bytes)
Event: 9.549 Thread 0x000001d532efc4a0 nmethod 5945 0x000001d525e9f710 code [0x000001d525e9f8a0, 0x000001d525e9f978]
Event: 9.569 Thread 0x000001d532efc4a0 5946       3       java.util.regex.Pattern::escape (1327 bytes)

GC Heap History (20 events):
Event: 4.775 GC heap before
{Heap before GC invocations=10 (full 0):
 garbage-first heap   total 37888K, used 25855K [0x00000000a0000000, 0x0000000100000000)
  region size 1024K, 16 young (16384K), 2 survivors (2048K)
 Metaspace       used 39444K, committed 39808K, reserved 1114112K
  class space    used 5095K, committed 5248K, reserved 1048576K
}
Event: 4.782 GC heap after
{Heap after GC invocations=11 (full 0):
 garbage-first heap   total 37888K, used 13884K [0x00000000a0000000, 0x0000000100000000)
  region size 1024K, 2 young (2048K), 2 survivors (2048K)
 Metaspace       used 39444K, committed 39808K, reserved 1114112K
  class space    used 5095K, committed 5248K, reserved 1048576K
}
Event: 5.189 GC heap before
{Heap before GC invocations=11 (full 0):
 garbage-first heap   total 37888K, used 26172K [0x00000000a0000000, 0x0000000100000000)
  region size 1024K, 15 young (15360K), 2 survivors (2048K)
 Metaspace       used 41915K, committed 42304K, reserved 1114112K
  class space    used 5542K, committed 5760K, reserved 1048576K
}
Event: 5.198 GC heap after
{Heap after GC invocations=12 (full 0):
 garbage-first heap   total 46080K, used 15698K [0x00000000a0000000, 0x0000000100000000)
  region size 1024K, 2 young (2048K), 2 survivors (2048K)
 Metaspace       used 41915K, committed 42304K, reserved 1114112K
  class space    used 5542K, committed 5760K, reserved 1048576K
}
Event: 5.671 GC heap before
{Heap before GC invocations=12 (full 0):
 garbage-first heap   total 46080K, used 31058K [0x00000000a0000000, 0x0000000100000000)
  region size 1024K, 18 young (18432K), 2 survivors (2048K)
 Metaspace       used 45304K, committed 45760K, reserved 1114112K
  class space    used 5954K, committed 6144K, reserved 1048576K
}
Event: 5.678 GC heap after
{Heap after GC invocations=13 (full 0):
 garbage-first heap   total 46080K, used 17813K [0x00000000a0000000, 0x0000000100000000)
  region size 1024K, 2 young (2048K), 2 survivors (2048K)
 Metaspace       used 45304K, committed 45760K, reserved 1114112K
  class space    used 5954K, committed 6144K, reserved 1048576K
}
Event: 5.974 GC heap before
{Heap before GC invocations=13 (full 0):
 garbage-first heap   total 46080K, used 32149K [0x00000000a0000000, 0x0000000100000000)
  region size 1024K, 17 young (17408K), 2 survivors (2048K)
 Metaspace       used 48602K, committed 49024K, reserved 1114112K
  class space    used 6222K, committed 6400K, reserved 1048576K
}
Event: 5.981 GC heap after
{Heap after GC invocations=14 (full 0):
 garbage-first heap   total 46080K, used 18315K [0x00000000a0000000, 0x0000000100000000)
  region size 1024K, 1 young (1024K), 1 survivors (1024K)
 Metaspace       used 48602K, committed 49024K, reserved 1114112K
  class space    used 6222K, committed 6400K, reserved 1048576K
}
Event: 6.395 GC heap before
{Heap before GC invocations=14 (full 0):
 garbage-first heap   total 46080K, used 32651K [0x00000000a0000000, 0x0000000100000000)
  region size 1024K, 16 young (16384K), 1 survivors (1024K)
 Metaspace       used 51865K, committed 52288K, reserved 1114112K
  class space    used 6727K, committed 6912K, reserved 1048576K
}
Event: 6.400 GC heap after
{Heap after GC invocations=15 (full 0):
 garbage-first heap   total 46080K, used 18983K [0x00000000a0000000, 0x0000000100000000)
  region size 1024K, 2 young (2048K), 2 survivors (2048K)
 Metaspace       used 51865K, committed 52288K, reserved 1114112K
  class space    used 6727K, committed 6912K, reserved 1048576K
}
Event: 7.049 GC heap before
{Heap before GC invocations=15 (full 0):
 garbage-first heap   total 46080K, used 34343K [0x00000000a0000000, 0x0000000100000000)
  region size 1024K, 17 young (17408K), 2 survivors (2048K)
 Metaspace       used 54587K, committed 54976K, reserved 1114112K
  class space    used 7090K, committed 7296K, reserved 1048576K
}
Event: 7.058 GC heap after
{Heap after GC invocations=16 (full 0):
 garbage-first heap   total 55296K, used 21463K [0x00000000a0000000, 0x0000000100000000)
  region size 1024K, 3 young (3072K), 3 survivors (3072K)
 Metaspace       used 54587K, committed 54976K, reserved 1114112K
  class space    used 7090K, committed 7296K, reserved 1048576K
}
Event: 7.757 GC heap before
{Heap before GC invocations=16 (full 0):
 garbage-first heap   total 55296K, used 39895K [0x00000000a0000000, 0x0000000100000000)
  region size 1024K, 21 young (21504K), 3 survivors (3072K)
 Metaspace       used 56016K, committed 56448K, reserved 1114112K
  class space    used 7324K, committed 7552K, reserved 1048576K
}
Event: 7.771 GC heap after
{Heap after GC invocations=17 (full 0):
 garbage-first heap   total 55296K, used 24508K [0x00000000a0000000, 0x0000000100000000)
  region size 1024K, 3 young (3072K), 3 survivors (3072K)
 Metaspace       used 56016K, committed 56448K, reserved 1114112K
  class space    used 7324K, committed 7552K, reserved 1048576K
}
Event: 8.541 GC heap before
{Heap before GC invocations=17 (full 0):
 garbage-first heap   total 55296K, used 39868K [0x00000000a0000000, 0x0000000100000000)
  region size 1024K, 19 young (19456K), 3 survivors (3072K)
 Metaspace       used 58327K, committed 58816K, reserved 1114112K
  class space    used 7763K, committed 8000K, reserved 1048576K
}
Event: 8.546 GC heap after
{Heap after GC invocations=18 (full 0):
 garbage-first heap   total 55296K, used 24779K [0x00000000a0000000, 0x0000000100000000)
  region size 1024K, 2 young (2048K), 2 survivors (2048K)
 Metaspace       used 58327K, committed 58816K, reserved 1114112K
  class space    used 7763K, committed 8000K, reserved 1048576K
}
Event: 9.013 GC heap before
{Heap before GC invocations=18 (full 0):
 garbage-first heap   total 55296K, used 37067K [0x00000000a0000000, 0x0000000100000000)
  region size 1024K, 16 young (16384K), 2 survivors (2048K)
 Metaspace       used 60523K, committed 60928K, reserved 1114112K
  class space    used 8176K, committed 8384K, reserved 1048576K
}
Event: 9.017 GC heap after
{Heap after GC invocations=19 (full 0):
 garbage-first heap   total 55296K, used 25259K [0x00000000a0000000, 0x0000000100000000)
  region size 1024K, 2 young (2048K), 2 survivors (2048K)
 Metaspace       used 60523K, committed 60928K, reserved 1114112K
  class space    used 8176K, committed 8384K, reserved 1048576K
}
Event: 9.521 GC heap before
{Heap before GC invocations=20 (full 0):
 garbage-first heap   total 55296K, used 40619K [0x00000000a0000000, 0x0000000100000000)
  region size 1024K, 18 young (18432K), 2 survivors (2048K)
 Metaspace       used 63490K, committed 63936K, reserved 1114112K
  class space    used 8546K, committed 8768K, reserved 1048576K
}
Event: 9.527 GC heap after
{Heap after GC invocations=21 (full 0):
 garbage-first heap   total 55296K, used 25849K [0x00000000a0000000, 0x0000000100000000)
  region size 1024K, 2 young (2048K), 2 survivors (2048K)
 Metaspace       used 63490K, committed 63936K, reserved 1114112K
  class space    used 8546K, committed 8768K, reserved 1048576K
}

Deoptimization events (20 events):
Event: 8.928 Thread 0x000001d538bbaa20 DEOPT PACKING pc=0x000001d525c76ca0 sp=0x000000cd5a2fe060
Event: 8.928 Thread 0x000001d538bbaa20 DEOPT UNPACKING pc=0x000001d51e1f23a3 sp=0x000000cd5a2fdf20 mode 2
Event: 8.945 Thread 0x000001d538bbaa20 DEOPT PACKING pc=0x000001d51e740c7a sp=0x000000cd5a2fde90
Event: 8.945 Thread 0x000001d538bbaa20 DEOPT UNPACKING pc=0x000001d51e1f2b43 sp=0x000000cd5a2fd2c8 mode 3
Event: 8.956 Thread 0x000001d538bb8070 Uncommon trap: trap_request=0xffffff45 fr.pc=0x000001d525cf4df0 relative=0x0000000000001430
Event: 8.956 Thread 0x000001d538bb8070 Uncommon trap: reason=unstable_if action=reinterpret pc=0x000001d525cf4df0 method=java.util.concurrent.ConcurrentHashMap.transfer([Ljava/util/concurrent/ConcurrentHashMap$Node;[Ljava/util/concurrent/ConcurrentHashMap$Node;)V @ 352 c2
Event: 8.957 Thread 0x000001d538bb8070 DEOPT PACKING pc=0x000001d525cf4df0 sp=0x000000cd59bfeff0
Event: 8.957 Thread 0x000001d538bb8070 DEOPT UNPACKING pc=0x000001d51e1f23a3 sp=0x000000cd59bfef58 mode 2
Event: 8.968 Thread 0x000001d538bba550 Uncommon trap: trap_request=0xffffff45 fr.pc=0x000001d525e273ac relative=0x00000000000000ac
Event: 8.969 Thread 0x000001d538bba550 Uncommon trap: reason=unstable_if action=reinterpret pc=0x000001d525e273ac method=scala.collection.immutable.VectorIterator.<init>(II)V @ 60 c2
Event: 8.969 Thread 0x000001d538bba550 DEOPT PACKING pc=0x000001d525e273ac sp=0x000000cd59efe4a0
Event: 8.969 Thread 0x000001d538bba550 DEOPT UNPACKING pc=0x000001d51e1f23a3 sp=0x000000cd59efe430 mode 2
Event: 9.061 Thread 0x000001d51685f3e0 Uncommon trap: trap_request=0xffffff45 fr.pc=0x000001d525cd56b8 relative=0x0000000000000ff8
Event: 9.061 Thread 0x000001d51685f3e0 Uncommon trap: reason=unstable_if action=reinterpret pc=0x000001d525cd56b8 method=java.util.concurrent.ConcurrentHashMap.transfer([Ljava/util/concurrent/ConcurrentHashMap$Node;[Ljava/util/concurrent/ConcurrentHashMap$Node;)V @ 352 c2
Event: 9.062 Thread 0x000001d51685f3e0 DEOPT PACKING pc=0x000001d525cd56b8 sp=0x000000cd579fb9d0
Event: 9.062 Thread 0x000001d51685f3e0 DEOPT UNPACKING pc=0x000001d51e1f23a3 sp=0x000000cd579fb938 mode 2
Event: 9.375 Thread 0x000001d53740cdf0 Uncommon trap: trap_request=0xffffff76 fr.pc=0x000001d525e95abc relative=0x000000000000079c
Event: 9.375 Thread 0x000001d53740cdf0 Uncommon trap: reason=predicate action=maybe_recompile pc=0x000001d525e95abc method=java.lang.invoke.LambdaMetafactory.extractArgs([Ljava/lang/Object;ILjava/lang/Class;I)[Ljava/lang/Object; @ 16 c2
Event: 9.375 Thread 0x000001d53740cdf0 DEOPT PACKING pc=0x000001d525e95abc sp=0x000000cd5a1fc010
Event: 9.375 Thread 0x000001d53740cdf0 DEOPT UNPACKING pc=0x000001d51e1f23a3 sp=0x000000cd5a1fbfd8 mode 2

Classes loaded (20 events):
Event: 8.712 Loading class sun/misc/Signal$InternalMiscHandler
Event: 8.712 Loading class sun/misc/Signal$InternalMiscHandler done
Event: 8.712 Loading class sun/misc/Signal$SunMiscHandler
Event: 8.712 Loading class sun/misc/Signal$SunMiscHandler done
Event: 8.717 Loading class java/util/concurrent/ExecutionException
Event: 8.717 Loading class java/util/concurrent/ExecutionException done
Event: 8.751 Loading class java/util/concurrent/ExecutorCompletionService$QueueingFuture
Event: 8.751 Loading class java/util/concurrent/ExecutorCompletionService$QueueingFuture done
Event: 8.760 Loading class java/util/concurrent/ScheduledThreadPoolExecutor$ScheduledFutureTask
Event: 8.761 Loading class java/util/concurrent/ScheduledThreadPoolExecutor$ScheduledFutureTask done
Event: 8.768 Loading class java/util/concurrent/ConcurrentHashMap$TreeNode
Event: 8.768 Loading class java/util/concurrent/ConcurrentHashMap$TreeNode done
Event: 8.768 Loading class java/util/concurrent/ConcurrentHashMap$TreeBin
Event: 8.769 Loading class java/util/concurrent/ConcurrentHashMap$TreeBin done
Event: 8.834 Loading class java/nio/file/Path$1
Event: 8.834 Loading class java/nio/file/Path$1 done
Event: 8.928 Loading class java/lang/StringIndexOutOfBoundsException
Event: 8.929 Loading class java/lang/StringIndexOutOfBoundsException done
Event: 9.373 Loading class java/net/Authenticator
Event: 9.373 Loading class java/net/Authenticator done

Classes unloaded (7 events):
Event: 9.101 Thread 0x000001d5168c9de0 Unloading class 0x0000000801356800 'java/lang/invoke/LambdaForm$MH+0x0000000801356800'
Event: 9.101 Thread 0x000001d5168c9de0 Unloading class 0x0000000801356400 'java/lang/invoke/LambdaForm$MH+0x0000000801356400'
Event: 9.101 Thread 0x000001d5168c9de0 Unloading class 0x0000000801356000 'java/lang/invoke/LambdaForm$MH+0x0000000801356000'
Event: 9.101 Thread 0x000001d5168c9de0 Unloading class 0x0000000801355800 'java/lang/invoke/LambdaForm$DMH+0x0000000801355800'
Event: 9.101 Thread 0x000001d5168c9de0 Unloading class 0x0000000801355400 'java/lang/invoke/LambdaForm$DMH+0x0000000801355400'
Event: 9.101 Thread 0x000001d5168c9de0 Unloading class 0x0000000801354800 'java/lang/invoke/LambdaForm$DMH+0x0000000801354800'
Event: 9.101 Thread 0x000001d5168c9de0 Unloading class 0x0000000801354c00 'java/lang/invoke/LambdaForm$DMH+0x0000000801354c00'

Classes redefined (0 events):
No events

Internal exceptions (20 events):
Event: 9.238 Thread 0x000001d53740cdf0 Exception <a 'sun/nio/fs/WindowsException'{0x00000000a2f0e190}> (0x00000000a2f0e190) 
thrown [s\open\src\hotspot\share\prims\jni.cpp, line 516]
Event: 9.238 Thread 0x000001d53740cdf0 Exception <a 'sun/nio/fs/WindowsException'{0x00000000a2f0e8a0}> (0x00000000a2f0e8a0) 
thrown [s\open\src\hotspot\share\prims\jni.cpp, line 516]
Event: 9.238 Thread 0x000001d53740cdf0 Exception <a 'sun/nio/fs/WindowsException'{0x00000000a2f0eb00}> (0x00000000a2f0eb00) 
thrown [s\open\src\hotspot\share\prims\jni.cpp, line 516]
Event: 9.238 Thread 0x000001d53740cdf0 Exception <a 'sun/nio/fs/WindowsException'{0x00000000a2f0f1e8}> (0x00000000a2f0f1e8) 
thrown [s\open\src\hotspot\share\prims\jni.cpp, line 516]
Event: 9.244 Thread 0x000001d538bbaa20 Exception <a 'sun/nio/fs/WindowsException'{0x00000000a3151bd8}> (0x00000000a3151bd8) 
thrown [s\open\src\hotspot\share\prims\jni.cpp, line 516]
Event: 9.244 Thread 0x000001d53740cdf0 Exception <a 'sun/nio/fs/WindowsException'{0x00000000a2f67b70}> (0x00000000a2f67b70) 
thrown [s\open\src\hotspot\share\prims\jni.cpp, line 516]
Event: 9.245 Thread 0x000001d53740cdf0 Exception <a 'sun/nio/fs/WindowsException'{0x00000000a2f68288}> (0x00000000a2f68288) 
thrown [s\open\src\hotspot\share\prims\jni.cpp, line 516]
Event: 9.245 Thread 0x000001d53740cdf0 Exception <a 'sun/nio/fs/WindowsException'{0x00000000a2f68558}> (0x00000000a2f68558) 
thrown [s\open\src\hotspot\share\prims\jni.cpp, line 516]
Event: 9.245 Thread 0x000001d53740cdf0 Exception <a 'sun/nio/fs/WindowsException'{0x00000000a2f691d8}> (0x00000000a2f691d8) 
thrown [s\open\src\hotspot\share\prims\jni.cpp, line 516]
Event: 9.245 Thread 0x000001d53740cdf0 Exception <a 'sun/nio/fs/WindowsException'{0x00000000a2f69478}> (0x00000000a2f69478) 
thrown [s\open\src\hotspot\share\prims\jni.cpp, line 516]
Event: 9.246 Thread 0x000001d53740cdf0 Exception <a 'sun/nio/fs/WindowsException'{0x00000000a2f6a0e0}> (0x00000000a2f6a0e0) 
thrown [s\open\src\hotspot\share\prims\jni.cpp, line 516]
Event: 9.249 Thread 0x000001d53740c450 Exception <a 'sun/nio/fs/WindowsException'{0x00000000a2f4b938}> (0x00000000a2f4b938) 
thrown [s\open\src\hotspot\share\prims\jni.cpp, line 516]
Event: 9.249 Thread 0x000001d53740c450 Exception <a 'sun/nio/fs/WindowsException'{0x00000000a2f4c050}> (0x00000000a2f4c050) 
thrown [s\open\src\hotspot\share\prims\jni.cpp, line 516]
Event: 9.250 Thread 0x000001d53740c450 Exception <a 'sun/nio/fs/WindowsException'{0x00000000a2f4c320}> (0x00000000a2f4c320) 
thrown [s\open\src\hotspot\share\prims\jni.cpp, line 516]
Event: 9.250 Thread 0x000001d53740c450 Exception <a 'sun/nio/fs/WindowsException'{0x00000000a2f4cfa0}> (0x00000000a2f4cfa0) 
thrown [s\open\src\hotspot\share\prims\jni.cpp, line 516]
Event: 9.289 Thread 0x000001d53740cdf0 Exception <a 'sun/nio/fs/WindowsException'{0x00000000a2d0a5d0}> (0x00000000a2d0a5d0) 
thrown [s\open\src\hotspot\share\prims\jni.cpp, line 516]
Event: 9.293 Thread 0x000001d53740cdf0 Exception <a 'sun/nio/fs/WindowsException'{0x00000000a2d2ed10}> (0x00000000a2d2ed10) 
thrown [s\open\src\hotspot\share\prims\jni.cpp, line 516]
Event: 9.306 Thread 0x000001d53740cdf0 Exception <a 'java/lang/NoSuchMethodError'{0x00000000a2db4038}: 'java.lang.Object java.lang.invoke.DirectMethodHandle$Holder.invokeStatic(java.lang.Object, int, int)'> (0x00000000a2db4038) 
thrown [s\open\src\hotspot\share\interpreter\linkResolver.cpp, line 759]
Event: 9.395 Thread 0x000001d53740cdf0 Exception <a 'sun/nio/fs/WindowsException'{0x00000000a2aaafb8}> (0x00000000a2aaafb8) 
thrown [s\open\src\hotspot\share\prims\jni.cpp, line 516]
Event: 9.396 Thread 0x000001d53740cdf0 Exception <a 'sun/nio/fs/WindowsException'{0x00000000a2aab990}> (0x00000000a2aab990) 
thrown [s\open\src\hotspot\share\prims\jni.cpp, line 516]

VM Operations (20 events):
Event: 7.855 Executing VM operation: HandshakeAllThreads
Event: 7.869 Executing VM operation: HandshakeAllThreads done
Event: 8.430 Executing VM operation: ICBufferFull
Event: 8.430 Executing VM operation: ICBufferFull done
Event: 8.541 Executing VM operation: G1CollectForAllocation
Event: 8.546 Executing VM operation: G1CollectForAllocation done
Event: 8.950 Executing VM operation: ICBufferFull
Event: 8.950 Executing VM operation: ICBufferFull done
Event: 9.013 Executing VM operation: CollectForMetadataAllocation
Event: 9.018 Executing VM operation: CollectForMetadataAllocation done
Event: 9.019 Executing VM operation: CollectForMetadataAllocation
Event: 9.020 Executing VM operation: CollectForMetadataAllocation done
Event: 9.054 Executing VM operation: CollectForMetadataAllocation
Event: 9.054 Executing VM operation: CollectForMetadataAllocation done
Event: 9.100 Executing VM operation: G1Concurrent
Event: 9.111 Executing VM operation: G1Concurrent done
Event: 9.147 Executing VM operation: G1Concurrent
Event: 9.151 Executing VM operation: G1Concurrent done
Event: 9.521 Executing VM operation: G1CollectForAllocation
Event: 9.527 Executing VM operation: G1CollectForAllocation done

Events (20 events):
Event: 6.988 Thread 0x000001d539e67d50 Thread added: 0x000001d539e67d50
Event: 6.994 Thread 0x000001d539e68220 Thread added: 0x000001d539e68220
Event: 7.003 Thread 0x000001d539e64860 Thread added: 0x000001d539e64860
Event: 7.003 Thread 0x000001d539e68bc0 Thread added: 0x000001d539e68bc0
Event: 7.535 Thread 0x000001d539e66ee0 Thread added: 0x000001d539e66ee0
Event: 7.535 Thread 0x000001d539e69090 Thread added: 0x000001d539e69090
Event: 7.536 Thread 0x000001d539e66a10 Thread added: 0x000001d539e66a10
Event: 7.536 Thread 0x000001d539e686f0 Thread added: 0x000001d539e686f0
Event: 8.280 Thread 0x000001d539e66ee0 Thread exited: 0x000001d539e66ee0
Event: 8.280 Thread 0x000001d539e66a10 Thread exited: 0x000001d539e66a10
Event: 8.280 Thread 0x000001d539e686f0 Thread exited: 0x000001d539e686f0
Event: 8.290 Thread 0x000001d539e69090 Thread exited: 0x000001d539e69090
Event: 8.741 Thread 0x000001d538bb8070 Thread added: 0x000001d538bb8070
Event: 8.751 Thread 0x000001d538bbaef0 Thread added: 0x000001d538bbaef0
Event: 8.754 Thread 0x000001d538bbb3c0 Thread added: 0x000001d538bbb3c0
Event: 8.755 Thread 0x000001d538bba550 Thread added: 0x000001d538bba550
Event: 8.761 Thread 0x000001d53740c450 Thread added: 0x000001d53740c450
Event: 8.761 Thread 0x000001d538bb8540 Thread added: 0x000001d538bb8540
Event: 8.782 Thread 0x000001d53740cdf0 Thread added: 0x000001d53740cdf0
Event: 8.800 Thread 0x000001d538bbaa20 Thread added: 0x000001d538bbaa20


Dynamic libraries:
0x00007ff678d20000 - 0x00007ff678d30000 	C:\Program Files\Java\jdk-18.0.2\bin\java.exe
0x00007ffe4c850000 - 0x00007ffe4ca48000 	C:\WINDOWS\SYSTEM32\ntdll.dll
0x00007ffe4a990000 - 0x00007ffe4aa4f000 	C:\WINDOWS\System32\KERNEL32.DLL
0x00007ffe4a330000 - 0x00007ffe4a626000 	C:\WINDOWS\System32\KERNELBASE.dll
0x00007ffe49f30000 - 0x00007ffe4a030000 	C:\WINDOWS\System32\ucrtbase.dll
0x00007ffe30de0000 - 0x00007ffe30df8000 	C:\Program Files\Java\jdk-18.0.2\bin\jli.dll
0x00007ffe4ac80000 - 0x00007ffe4ad2f000 	C:\WINDOWS\System32\ADVAPI32.dll
0x00007ffe4ae10000 - 0x00007ffe4aeae000 	C:\WINDOWS\System32\msvcrt.dll
0x00007ffe4c700000 - 0x00007ffe4c79c000 	C:\WINDOWS\System32\sechost.dll
0x00007ffe47450000 - 0x00007ffe4746a000 	C:\Program Files\Java\jdk-18.0.2\bin\VCRUNTIME140.dll
0x00007ffe4c5d0000 - 0x00007ffe4c6f6000 	C:\WINDOWS\System32\RPCRT4.dll
0x00007ffe401e0000 - 0x00007ffe4047a000 	C:\WINDOWS\WinSxS\amd64_microsoft.windows.common-controls_6595b64144ccf1df_6.0.19041.1110_none_60b5254171f9507e\COMCTL32.dll
0x00007ffe4b470000 - 0x00007ffe4b49c000 	C:\WINDOWS\System32\GDI32.dll
0x00007ffe4a300000 - 0x00007ffe4a322000 	C:\WINDOWS\System32\win32u.dll
0x00007ffe4aad0000 - 0x00007ffe4ac6d000 	C:\WINDOWS\System32\USER32.dll
0x00007ffe4a630000 - 0x00007ffe4a745000 	C:\WINDOWS\System32\gdi32full.dll
0x00007ffe4a060000 - 0x00007ffe4a0fd000 	C:\WINDOWS\System32\msvcp_win.dll
0x00007ffe3fbf0000 - 0x00007ffe3fbfa000 	C:\WINDOWS\SYSTEM32\VERSION.dll
0x00007ffe4b440000 - 0x00007ffe4b470000 	C:\WINDOWS\System32\IMM32.DLL
0x00007ffe474e0000 - 0x00007ffe474ec000 	C:\Program Files\Java\jdk-18.0.2\bin\vcruntime140_1.dll
0x00007ffe2e5b0000 - 0x00007ffe2e63d000 	C:\Program Files\Java\jdk-18.0.2\bin\msvcp140.dll
0x00007ffe16bf0000 - 0x00007ffe17801000 	C:\Program Files\Java\jdk-18.0.2\bin\server\jvm.dll
0x00007ffe4c7a0000 - 0x00007ffe4c7a8000 	C:\WINDOWS\System32\PSAPI.DLL
0x00007ffe14300000 - 0x00007ffe14309000 	C:\WINDOWS\SYSTEM32\WSOCK32.dll
0x00007ffe4b320000 - 0x00007ffe4b38b000 	C:\WINDOWS\System32\WS2_32.dll
0x00007ffe40ce0000 - 0x00007ffe40d07000 	C:\WINDOWS\SYSTEM32\WINMM.dll
0x00007ffe47e60000 - 0x00007ffe47e72000 	C:\WINDOWS\SYSTEM32\kernel.appcore.dll
0x00007ffe405a0000 - 0x00007ffe405aa000 	C:\Program Files\Java\jdk-18.0.2\bin\jimage.dll
0x00007ffe47c30000 - 0x00007ffe47e14000 	C:\WINDOWS\SYSTEM32\DBGHELP.DLL
0x00007ffe3c000000 - 0x00007ffe3c034000 	C:\WINDOWS\SYSTEM32\dbgcore.DLL
0x00007ffe4a270000 - 0x00007ffe4a2f2000 	C:\WINDOWS\System32\bcryptPrimitives.dll
0x00007ffe2f450000 - 0x00007ffe2f475000 	C:\Program Files\Java\jdk-18.0.2\bin\java.dll
0x00007ffe259f0000 - 0x00007ffe25ac6000 	C:\Program Files\Java\jdk-18.0.2\bin\jsvml.dll
0x00007ffe4bae0000 - 0x00007ffe4c224000 	C:\WINDOWS\System32\SHELL32.dll
0x00007ffe47ff0000 - 0x00007ffe48783000 	C:\WINDOWS\SYSTEM32\windows.storage.dll
0x00007ffe4b780000 - 0x00007ffe4bad4000 	C:\WINDOWS\System32\combase.dll
0x00007ffe498b0000 - 0x00007ffe498de000 	C:\WINDOWS\SYSTEM32\Wldp.dll
0x00007ffe4c230000 - 0x00007ffe4c2dd000 	C:\WINDOWS\System32\SHCORE.dll
0x00007ffe4aa50000 - 0x00007ffe4aaa5000 	C:\WINDOWS\System32\shlwapi.dll
0x00007ffe49e70000 - 0x00007ffe49e8f000 	C:\WINDOWS\SYSTEM32\profapi.dll
0x00007ffe2f3d0000 - 0x00007ffe2f3e3000 	C:\Program Files\Java\jdk-18.0.2\bin\net.dll
0x00007ffe41420000 - 0x00007ffe4152a000 	C:\WINDOWS\SYSTEM32\WINHTTP.dll
0x00007ffe49610000 - 0x00007ffe4967a000 	C:\WINDOWS\system32\mswsock.dll
0x00007ffe2f3b0000 - 0x00007ffe2f3c6000 	C:\Program Files\Java\jdk-18.0.2\bin\nio.dll
0x00007ffe2f390000 - 0x00007ffe2f3a8000 	C:\Program Files\Java\jdk-18.0.2\bin\zip.dll
0x00007ffe49800000 - 0x00007ffe49818000 	C:\WINDOWS\SYSTEM32\CRYPTSP.dll
0x00007ffe48f30000 - 0x00007ffe48f64000 	C:\WINDOWS\system32\rsaenh.dll
0x00007ffe4a030000 - 0x00007ffe4a057000 	C:\WINDOWS\System32\bcrypt.dll
0x00007ffe49e30000 - 0x00007ffe49e5e000 	C:\WINDOWS\SYSTEM32\USERENV.dll
0x00007ffe49820000 - 0x00007ffe4982c000 	C:\WINDOWS\SYSTEM32\CRYPTBASE.dll
0x00007ffe49300000 - 0x00007ffe4933c000 	C:\WINDOWS\SYSTEM32\IPHLPAPI.DLL
0x00007ffe4c5c0000 - 0x00007ffe4c5c8000 	C:\WINDOWS\System32\NSI.dll
0x00007ffe41970000 - 0x00007ffe41987000 	C:\WINDOWS\SYSTEM32\dhcpcsvc6.DLL
0x00007ffe43180000 - 0x00007ffe4319d000 	C:\WINDOWS\SYSTEM32\dhcpcsvc.DLL
0x00007ffe49340000 - 0x00007ffe4940b000 	C:\WINDOWS\SYSTEM32\DNSAPI.dll
0x00007ffe2c1b0000 - 0x00007ffe2c1f0000 	C:\Users\vinog\AppData\Local\Temp\jna-112212787\jna13758185784257838828.dll
0x0000000069ac0000 - 0x0000000069b1b000 	C:\Users\vinog\AppData\Local\Temp\jansi-2.1.0-33d1b1650f9eed76-jansi.dll
0x00007ffe37f70000 - 0x00007ffe37f79000 	C:\Program Files\Java\jdk-18.0.2\bin\management.dll
0x00007ffe37ef0000 - 0x00007ffe37efb000 	C:\Program Files\Java\jdk-18.0.2\bin\management_ext.dll
0x000000006fd00000 - 0x000000006fd07000 	C:\Users\vinog\AppData\Local\Temp\.sbtcfecd7aa\swoval\swoval-jni\13947200831436647324-swoval-files0.dll
0x00007ffe2dbe0000 - 0x00007ffe2dc06000 	C:\Users\vinog\AppData\Local\Temp\csjniutils-0.3.37836746764645168383.dll
0x00007ffe4c490000 - 0x00007ffe4c5ba000 	C:\WINDOWS\System32\ole32.dll
0x00007ffe2af90000 - 0x00007ffe2afb6000 	C:\Users\vinog\AppData\Local\Temp\csjniutils-0.3.312450269454450578130.dll

dbghelp: loaded successfully - version: 4.0.5 - missing functions: none
symbol engine: initialized successfully - sym options: 0x614 - pdb path: .;C:\Program Files\Java\jdk-18.0.2\bin;C:\WINDOWS\SYSTEM32;C:\WINDOWS\WinSxS\amd64_microsoft.windows.common-controls_6595b64144ccf1df_6.0.19041.1110_none_60b5254171f9507e;C:\Program Files\Java\jdk-18.0.2\bin\server;C:\Users\vinog\AppData\Local\Temp\jna-112212787;C:\Users\vinog\AppData\Local\Temp;C:\Users\vinog\AppData\Local\Temp\.sbtcfecd7aa\swoval\swoval-jni

VM Arguments:
jvm_args: -Xmx1536M -Dsbt.supershell=false -Didea.managed=true -Dfile.encoding=UTF-8 -Didea.installation.dir=C:\Program Files\JetBrains\IntelliJ IDEA Community Edition 2022.1.4 -Dsbt.log.noformat=true 
java_command: C:\Users\vinog\AppData\Roaming\JetBrains\IdeaIC2022.1\plugins\Scala\launcher\sbt-launch.jar early(addPluginSbtFile="""C:\Users\vinog\AppData\Local\Temp\idea1.sbt""") ; set ideaPort in Global := 54142 ; idea-shell
java_class_path (initial): C:\Users\vinog\AppData\Roaming\JetBrains\IdeaIC2022.1\plugins\Scala\launcher\sbt-launch.jar
Launcher Type: SUN_STANDARD

[Global flags]
     intx CICompilerCount                          = 3                                         {product} {ergonomic}
     uint ConcGCThreads                            = 1                                         {product} {ergonomic}
     uint G1ConcRefinementThreads                  = 4                                         {product} {ergonomic}
   size_t G1HeapRegionSize                         = 1048576                                   {product} {ergonomic}
    uintx GCDrainStackTargetSize                   = 64                                        {product} {ergonomic}
   size_t InitialHeapSize                          = 67108864                                  {product} {ergonomic}
   size_t MarkStackSize                            = 4194304                                   {product} {ergonomic}
   size_t MaxHeapSize                              = 1610612736                                {product} {command line}
   size_t MaxNewSize                               = 965738496                                 {product} {ergonomic}
   size_t MinHeapDeltaBytes                        = 1048576                                   {product} {ergonomic}
   size_t MinHeapSize                              = 8388608                                   {product} {ergonomic}
    uintx NonNMethodCodeHeapSize                   = 5832780                                {pd product} {ergonomic}
    uintx NonProfiledCodeHeapSize                  = 122912730                              {pd product} {ergonomic}
    uintx ProfiledCodeHeapSize                     = 122912730                              {pd product} {ergonomic}
    uintx ReservedCodeCacheSize                    = 251658240                              {pd product} {ergonomic}
     bool SegmentedCodeCache                       = true                                      {product} {ergonomic}
   size_t SoftMaxHeapSize                          = 1610612736                             {manageable} {ergonomic}
     bool UseCompressedClassPointers               = true                           {product lp64_product} {ergonomic}
     bool UseCompressedOops                        = true                           {product lp64_product} {ergonomic}
     bool UseG1GC                                  = true                                      {product} {ergonomic}
     bool UseLargePagesIndividualAllocation        = false                                  {pd product} {ergonomic}

Logging:
Log output configuration:
 #0: stdout all=warning uptime,level,tags foldmultilines=false
 #1: stderr all=off uptime,level,tags foldmultilines=false

Environment Variables:
PATH=C:\Program Files\Eclipse Adoptium\jdk-17.0.3.7-hotspot\bin;C:\Program Files\Common Files\Oracle\Java\javapath;C:\WINDOWS\system32;C:\WINDOWS;C:\WINDOWS\System32\Wbem;C:\WINDOWS\System32\WindowsPowerShell\v1.0\;C:\WINDOWS\System32\OpenSSH\;C:\Program Files\Microsoft VS Code\bin;C:\Program Files\GitHub CLI\;C:\Gradle\gradle-6.9.3\bin;C:\Program Files\Git\cmd;C:\Users\vinog\AppData\Local\Microsoft\WindowsApps;C:\Users\vinog\AppData\Local\GitHubDesktop\bin
USERNAME=vinog
OS=Windows_NT
PROCESSOR_IDENTIFIER=Intel64 Family 6 Model 58 Stepping 9, GenuineIntel



---------------  S Y S T E M  ---------------

OS:
 Windows 10 , 64 bit Build 19041 (10.0.19041.2913)
OS uptime: 13 days 1:17 hours

CPU: total 4 (initial active 4) (2 cores per cpu, 2 threads per core) family 6 model 58 stepping 9 microcode 0x21, cx8, cmov, fxsr, ht, mmx, sse, sse2, sse3, ssse3, sse4.1, sse4.2, popcnt, tsc, tscinvbit, avx, aes, erms, clmul, vzeroupper, clflush

Memory: 4k page, system-wide physical 3983M (53M free)
TotalPageFile size 16271M (AvailPageFile size 4M)
current process WorkingSet (physical memory assigned to process): 199M, peak: 207M
current process commit charge ("private bytes"): 248M, peak: 248M

vm_info: Java HotSpot(TM) 64-Bit Server VM (18.0.2+9-61) for windows-amd64 JRE (18.0.2+9-61), built on Jun  7 2022 13:09:01 by "mach5one" with MS VC++ 16.8 / 16.9 (VS2019)

END.
